# JRE version: OpenJDK Runtime Environment (11.0.6+8) (build 11.0.6+8-b520.43)
# Java VM: OpenJDK 64-Bit Server VM (11.0.6+8-b520.43, mixed mode, sharing, tiered, compressed oops, g1 gc, windows-amd64)
Heap:
 garbage-first heap   total 118784K, used 76783K [0x0000000081c00000, 0x0000000100000000)
  region size 1024K, 16 young (16384K), 3 survivors (3072K)
 Metaspace       used 135136K, capacity 143675K, committed 143696K, reserved 1175552K
  class space    used 14312K, capacity 17397K, committed 17408K, reserved 1048576K
GC Heap History (20 events):
Event: 30942.013 GC heap after
{Heap after GC invocations=2841 (full 85):
 garbage-first heap   total 118784K, used 62109K [0x0000000081c00000, 0x0000000100000000)
  region size 1024K, 1 young (1024K), 1 survivors (1024K)
 Metaspace       used 135124K, capacity 143663K, committed 143696K, reserved 1175552K
  class space    used 14311K, capacity 17394K, committed 17408K, reserved 1048576K
}
Event: 30950.263 GC heap before
{Heap before GC invocations=2841 (full 85):
 garbage-first heap   total 118784K, used 103069K [0x0000000081c00000, 0x0000000100000000)
  region size 1024K, 41 young (41984K), 1 survivors (1024K)
 Metaspace       used 135124K, capacity 143663K, committed 143696K, reserved 1175552K
  class space    used 14311K, capacity 17394K, committed 17408K, reserved 1048576K
}
Event: 30950.264 GC heap after
{Heap after GC invocations=2842 (full 85):
 garbage-first heap   total 118784K, used 62246K [0x0000000081c00000, 0x0000000100000000)
  region size 1024K, 1 young (1024K), 1 survivors (1024K)
 Metaspace       used 135124K, capacity 143663K, committed 143696K, reserved 1175552K
  class space    used 14311K, capacity 17394K, committed 17408K, reserved 1048576K
}
Event: 30958.599 GC heap before
{Heap before GC invocations=2842 (full 85):
 garbage-first heap   total 118784K, used 102182K [0x0000000081c00000, 0x0000000100000000)
  region size 1024K, 40 young (40960K), 1 survivors (1024K)
 Metaspace       used 135124K, capacity 143663K, committed 143696K, reserved 1175552K
  class space    used 14311K, capacity 17394K, committed 17408K, reserved 1048576K
}
Event: 30958.600 GC heap after
{Heap after GC invocations=2843 (full 85):
 garbage-first heap   total 118784K, used 61561K [0x0000000081c00000, 0x0000000100000000)
  region size 1024K, 1 young (1024K), 1 survivors (1024K)
 Metaspace       used 135124K, capacity 143663K, committed 143696K, reserved 1175552K
  class space    used 14311K, capacity 17394K, committed 17408K, reserved 1048576K
}
Event: 30967.476 GC heap before
{Heap before GC invocations=2843 (full 85):
 garbage-first heap   total 118784K, used 102521K [0x0000000081c00000, 0x0000000100000000)
  region size 1024K, 41 young (41984K), 1 survivors (1024K)
 Metaspace       used 135124K, capacity 143663K, committed 143696K, reserved 1175552K
  class space    used 14311K, capacity 17394K, committed 17408K, reserved 1048576K
}
Event: 30967.477 GC heap after
{Heap after GC invocations=2844 (full 85):
 garbage-first heap   total 118784K, used 61911K [0x0000000081c00000, 0x0000000100000000)
  region size 1024K, 1 young (1024K), 1 survivors (1024K)
 Metaspace       used 135124K, capacity 143663K, committed 143696K, reserved 1175552K
  class space    used 14311K, capacity 17394K, committed 17408K, reserved 1048576K
}
Event: 30975.486 GC heap before
{Heap before GC invocations=2844 (full 85):
 garbage-first heap   total 118784K, used 101847K [0x0000000081c00000, 0x0000000100000000)
  region size 1024K, 41 young (41984K), 1 survivors (1024K)
 Metaspace       used 135128K, capacity 143669K, committed 143696K, reserved 1175552K
  class space    used 14312K, capacity 17395K, committed 17408K, reserved 1048576K
}
Event: 30975.488 GC heap after
{Heap after GC invocations=2845 (full 85):
 garbage-first heap   total 118784K, used 62071K [0x0000000081c00000, 0x0000000100000000)
  region size 1024K, 1 young (1024K), 1 survivors (1024K)
 Metaspace       used 135128K, capacity 143669K, committed 143696K, reserved 1175552K
  class space    used 14312K, capacity 17395K, committed 17408K, reserved 1048576K
}
Event: 30983.568 GC heap before
{Heap before GC invocations=2845 (full 85):
 garbage-first heap   total 118784K, used 102007K [0x0000000081c00000, 0x0000000100000000)
  region size 1024K, 40 young (40960K), 1 survivors (1024K)
 Metaspace       used 135128K, capacity 143669K, committed 143696K, reserved 1175552K
  class space    used 14312K, capacity 17395K, committed 17408K, reserved 1048576K
}
Event: 30983.569 GC heap after
{Heap after GC invocations=2846 (full 85):
 garbage-first heap   total 118784K, used 62095K [0x0000000081c00000, 0x0000000100000000)
  region size 1024K, 1 young (1024K), 1 survivors (1024K)
 Metaspace       used 135128K, capacity 143669K, committed 143696K, reserved 1175552K
  class space    used 14312K, capacity 17395K, committed 17408K, reserved 1048576K
}
Event: 30991.901 GC heap before
{Heap before GC invocations=2846 (full 85):
 garbage-first heap   total 118784K, used 102031K [0x0000000081c00000, 0x0000000100000000)
  region size 1024K, 40 young (40960K), 1 survivors (1024K)
 Metaspace       used 135128K, capacity 143669K, committed 143696K, reserved 1175552K
  class space    used 14312K, capacity 17395K, committed 17408K, reserved 1048576K
}
Event: 30991.902 GC heap after
{Heap after GC invocations=2847 (full 85):
 garbage-first heap   total 118784K, used 62183K [0x0000000081c00000, 0x0000000100000000)
  region size 1024K, 1 young (1024K), 1 survivors (1024K)
 Metaspace       used 135128K, capacity 143669K, committed 143696K, reserved 1175552K
  class space    used 14312K, capacity 17395K, committed 17408K, reserved 1048576K
}
Event: 30999.680 GC heap before
{Heap before GC invocations=2847 (full 85):
 garbage-first heap   total 118784K, used 102119K [0x0000000081c00000, 0x0000000100000000)
  region size 1024K, 40 young (40960K), 1 survivors (1024K)
 Metaspace       used 135128K, capacity 143669K, committed 143696K, reserved 1175552K
  class space    used 14312K, capacity 17395K, committed 17408K, reserved 1048576K
}
Event: 30999.683 GC heap after
{Heap after GC invocations=2848 (full 85):
 garbage-first heap   total 118784K, used 63757K [0x0000000081c00000, 0x0000000100000000)
  region size 1024K, 3 young (3072K), 3 survivors (3072K)
 Metaspace       used 135128K, capacity 143669K, committed 143696K, reserved 1175552K
  class space    used 14312K, capacity 17395K, committed 17408K, reserved 1048576K
}
Event: 31007.322 GC heap before
{Heap before GC invocations=2848 (full 85):
 garbage-first heap   total 118784K, used 100621K [0x0000000081c00000, 0x0000000100000000)
  region size 1024K, 39 young (39936K), 3 survivors (3072K)
 Metaspace       used 135128K, capacity 143669K, committed 143696K, reserved 1175552K
  class space    used 14312K, capacity 17395K, committed 17408K, reserved 1048576K
}
Event: 31007.325 GC heap after
{Heap after GC invocations=2849 (full 85):
 garbage-first heap   total 118784K, used 63737K [0x0000000081c00000, 0x0000000100000000)
  region size 1024K, 3 young (3072K), 3 survivors (3072K)
 Metaspace       used 135128K, capacity 143669K, committed 143696K, reserved 1175552K
  class space    used 14312K, capacity 17395K, committed 17408K, reserved 1048576K
}
Event: 31015.511 GC heap before
{Heap before GC invocations=2849 (full 85):
 garbage-first heap   total 118784K, used 100601K [0x0000000081c00000, 0x0000000100000000)
  region size 1024K, 39 young (39936K), 3 survivors (3072K)
 Metaspace       used 135128K, capacity 143669K, committed 143696K, reserved 1175552K
  class space    used 14312K, capacity 17395K, committed 17408K, reserved 1048576K
}
Event: 31015.514 GC heap after
{Heap after GC invocations=2850 (full 85):
 garbage-first heap   total 118784K, used 63780K [0x0000000081c00000, 0x0000000100000000)
  region size 1024K, 3 young (3072K), 3 survivors (3072K)
 Metaspace       used 135128K, capacity 143669K, committed 143696K, reserved 1175552K
  class space    used 14312K, capacity 17395K, committed 17408K, reserved 1048576K
}
Event: 31018.504 GC heap before
{Heap before GC invocations=2850 (full 85):
 garbage-first heap   total 118784K, used 76068K [0x0000000081c00000, 0x0000000100000000)
  region size 1024K, 16 young (16384K), 3 survivors (3072K)
 Metaspace       used 135136K, capacity 143675K, committed 143696K, reserved 1175552K
  class space    used 14312K, capacity 17397K, committed 17408K, reserved 1048576K
}

